

Microchip MPLAB XC8 Assembler V2.45 build 20230818022343 
                                                                                               Tue Oct 31 19:29:01 2023

Microchip MPLAB XC8 C Compiler v2.45 (Free license) build 20230818022343 Og1 
     1                           	processor	16F877A
     2                           	pagewidth 120
     3                           	opt	flic
     4                           	psect	cinit,global,class=CODE,merge=1,delta=2
     5                           	psect	cstackCOMMON,global,class=COMMON,space=1,delta=1,noexec
     6                           	psect	maintext,global,class=CODE,split=1,delta=2
     7                           	psect	text1,local,class=CODE,merge=1,delta=2
     8                           	psect	text2,local,class=CODE,merge=1,delta=2
     9                           	psect	config,global,abs,ovrld,class=CONFIG,space=4,delta=2,noexec
    10                           	dabs	1,0x7E,2
    11     0000                     
    12                           ; Generated 22/03/2023 GMT
    13                           ; 
    14                           ; Copyright © 2023, Microchip Technology Inc. and its subsidiaries ("Microchip")
    15                           ; All rights reserved.
    16                           ; 
    17                           ; This software is developed by Microchip Technology Inc. and its subsidiaries ("Microch
      +                          ip").
    18                           ; 
    19                           ; Redistribution and use in source and binary forms, with or without modification, are
    20                           ; permitted provided that the following conditions are met:
    21                           ; 
    22                           ;     1. Redistributions of source code must retain the above copyright notice, this lis
      +                          t of
    23                           ;        conditions and the following disclaimer.
    24                           ; 
    25                           ;     2. Redistributions in binary form must reproduce the above copyright notice, this 
      +                          list
    26                           ;        of conditions and the following disclaimer in the documentation and/or other
    27                           ;        materials provided with the distribution. Publication is not required when
    28                           ;        this file is used in an embedded application.
    29                           ; 
    30                           ;     3. Microchip's name may not be used to endorse or promote products derived from th
      +                          is
    31                           ;        software without specific prior written permission.
    32                           ; 
    33                           ; THIS SOFTWARE IS PROVIDED BY MICROCHIP "AS IS" AND ANY EXPRESS OR IMPLIED WARRANTIES,
    34                           ; INCLUDING, BUT NOT LIMITED TO, THE IMPLIED WARRANTIES OF MERCHANTABILITY AND FITNESS F
      +                          OR
    35                           ; PURPOSE ARE DISCLAIMED.  IN NO EVENT SHALL MICROCHIP BE LIABLE FOR ANY DIRECT, INDIREC
      +                          T,
    36                           ; INCIDENTAL, SPECIAL, EXEMPLARY, OR CONSEQUENTIAL DAMAGES (INCLUDING BUT NOT LIMITED TO
    37                           ; PROCUREMENT OF SUBSTITUTE GOODS OR SERVICES; LOSS OF USE, DATA OR PROFITS; OR BUSINESS
    38                           ; INTERRUPTION) HOWSOEVER CAUSED AND ON ANY THEORY OF LIABILITY, WHETHER IN CONTRACT, ST
      +                          RICT
    39                           ; LIABILITY, OR TORT (INCLUDING NEGLIGENCE OR OTHERWISE) ARISING IN ANY WAY OUT OF THE U
      +                          SE OF
    40                           ; THIS SOFTWARE, EVEN IF ADVISED OF THE POSSIBILITY OF SUCH DAMAGE.
    41                           ; 
    42                           ; 
    43                           ; Code-generator required, PIC16F877A Definitions
    44                           ; 
    45                           ; SFR Addresses
    46     0000                     	;# 
    47     0001                     	;# 
    48     0002                     	;# 
    49     0003                     	;# 
    50     0004                     	;# 
    51     0005                     	;# 
    52     0006                     	;# 
    53     0007                     	;# 
    54     0008                     	;# 
    55     0009                     	;# 
    56     000A                     	;# 
    57     000B                     	;# 
    58     000C                     	;# 
    59     000D                     	;# 
    60     000E                     	;# 
    61     000E                     	;# 
    62     000F                     	;# 
    63     0010                     	;# 
    64     0011                     	;# 
    65     0012                     	;# 
    66     0013                     	;# 
    67     0014                     	;# 
    68     0015                     	;# 
    69     0015                     	;# 
    70     0016                     	;# 
    71     0017                     	;# 
    72     0018                     	;# 
    73     0019                     	;# 
    74     001A                     	;# 
    75     001B                     	;# 
    76     001B                     	;# 
    77     001C                     	;# 
    78     001D                     	;# 
    79     001E                     	;# 
    80     001F                     	;# 
    81     0081                     	;# 
    82     0085                     	;# 
    83     0086                     	;# 
    84     0087                     	;# 
    85     0088                     	;# 
    86     0089                     	;# 
    87     008C                     	;# 
    88     008D                     	;# 
    89     008E                     	;# 
    90     0091                     	;# 
    91     0092                     	;# 
    92     0093                     	;# 
    93     0094                     	;# 
    94     0098                     	;# 
    95     0099                     	;# 
    96     009C                     	;# 
    97     009D                     	;# 
    98     009E                     	;# 
    99     009F                     	;# 
   100     010C                     	;# 
   101     010D                     	;# 
   102     010E                     	;# 
   103     010F                     	;# 
   104     018C                     	;# 
   105     018D                     	;# 
   106     0000                     	;# 
   107     0001                     	;# 
   108     0002                     	;# 
   109     0003                     	;# 
   110     0004                     	;# 
   111     0005                     	;# 
   112     0006                     	;# 
   113     0007                     	;# 
   114     0008                     	;# 
   115     0009                     	;# 
   116     000A                     	;# 
   117     000B                     	;# 
   118     000C                     	;# 
   119     000D                     	;# 
   120     000E                     	;# 
   121     000E                     	;# 
   122     000F                     	;# 
   123     0010                     	;# 
   124     0011                     	;# 
   125     0012                     	;# 
   126     0013                     	;# 
   127     0014                     	;# 
   128     0015                     	;# 
   129     0015                     	;# 
   130     0016                     	;# 
   131     0017                     	;# 
   132     0018                     	;# 
   133     0019                     	;# 
   134     001A                     	;# 
   135     001B                     	;# 
   136     001B                     	;# 
   137     001C                     	;# 
   138     001D                     	;# 
   139     001E                     	;# 
   140     001F                     	;# 
   141     0081                     	;# 
   142     0085                     	;# 
   143     0086                     	;# 
   144     0087                     	;# 
   145     0088                     	;# 
   146     0089                     	;# 
   147     008C                     	;# 
   148     008D                     	;# 
   149     008E                     	;# 
   150     0091                     	;# 
   151     0092                     	;# 
   152     0093                     	;# 
   153     0094                     	;# 
   154     0098                     	;# 
   155     0099                     	;# 
   156     009C                     	;# 
   157     009D                     	;# 
   158     009E                     	;# 
   159     009F                     	;# 
   160     010C                     	;# 
   161     010D                     	;# 
   162     010E                     	;# 
   163     010F                     	;# 
   164     018C                     	;# 
   165     018D                     	;# 
   166     0008                     _PORTD	set	8
   167     0030                     _RB0	set	48
   168     0033                     _RB3	set	51
   169     0032                     _RB2	set	50
   170     0031                     _RB1	set	49
   171     005F                     _GIE	set	95
   172     0088                     _TRISD	set	136
   173     0086                     _TRISB	set	134
   174     010C                     _EEDATA	set	268
   175     010D                     _EEADR	set	269
   176     018D                     _EECON2	set	397
   177     018C                     _EECON1bits	set	396
   178                           
   179                           	psect	cinit
   180     07FC                     start_initialization:	
   181                           ; #config settings
   182                           
   183     07FC                     __initialization:
   184     07FC                     end_of_initialization:	
   185                           ;End of C runtime variable initialization code
   186                           
   187     07FC                     __end_of__initialization:
   188     07FC  0183               	clrf	3
   189     07FD  120A  118A  2F64   	ljmp	_main	;jump to C main() function
   190                           
   191                           	psect	cstackCOMMON
   192     0070                     __pcstackCOMMON:
   193     0070                     ?_EEPROM_Write:
   194     0070                     ?_EEPROM_Read:	
   195                           ; 1 bytes @ 0x0
   196                           
   197     0070                     ??_EEPROM_Read:	
   198                           ; 1 bytes @ 0x0
   199                           
   200     0070                     ?_main:	
   201                           ; 1 bytes @ 0x0
   202                           
   203     0070                     EEPROM_Write@data:	
   204                           ; 1 bytes @ 0x0
   205                           
   206     0070                     EEPROM_Read@address:	
   207                           ; 1 bytes @ 0x0
   208                           
   209                           
   210                           ; 1 bytes @ 0x0
   211     0070                     	ds	1
   212     0071                     ??_EEPROM_Write:
   213     0071                     EEPROM_Write@address:	
   214                           ; 1 bytes @ 0x1
   215                           
   216     0071                     EEPROM_Read@data:	
   217                           ; 1 bytes @ 0x1
   218                           
   219                           
   220                           ; 1 bytes @ 0x1
   221     0071                     	ds	1
   222     0072                     EEPROM_Write@GIE_STATE:
   223                           
   224                           ; 1 bytes @ 0x2
   225     0072                     	ds	1
   226     0073                     ??_main:
   227                           
   228                           ; 1 bytes @ 0x3
   229     0073                     	ds	3
   230     0076                     main@i:
   231                           
   232                           ; 1 bytes @ 0x6
   233     0076                     	ds	1
   234     0077                     main@address:
   235                           
   236                           ; 1 bytes @ 0x7
   237     0077                     	ds	1
   238                           
   239                           	psect	maintext
   240     0764                     __pmaintext:	
   241 ;;
   242 ;;Main: autosize = 0, tempsize = 3, incstack = 0, save=0
   243 ;;
   244 ;; *************** function _main *****************
   245 ;; Defined at:
   246 ;;		line 30 in file "newmain.c"
   247 ;; Parameters:    Size  Location     Type
   248 ;;		None
   249 ;; Auto vars:     Size  Location     Type
   250 ;;  i               1    6[COMMON] unsigned char 
   251 ;;  address         1    7[COMMON] unsigned char 
   252 ;; Return value:  Size  Location     Type
   253 ;;                  1    wreg      void 
   254 ;; Registers used:
   255 ;;		wreg, status,2, status,0, btemp+1, pclath, cstack
   256 ;; Tracked objects:
   257 ;;		On entry : B00/0
   258 ;;		On exit  : 0/0
   259 ;;		Unchanged: 0/0
   260 ;; Data sizes:     COMMON   BANK0   BANK1   BANK3   BANK2
   261 ;;      Params:         0       0       0       0       0
   262 ;;      Locals:         2       0       0       0       0
   263 ;;      Temps:          3       0       0       0       0
   264 ;;      Totals:         5       0       0       0       0
   265 ;;Total ram usage:        5 bytes
   266 ;; Hardware stack levels required when called: 1
   267 ;; This function calls:
   268 ;;		_EEPROM_Read
   269 ;;		_EEPROM_Write
   270 ;; This function is called by:
   271 ;;		Startup code after reset
   272 ;; This function uses a non-reentrant model
   273 ;;
   274                           
   275     0764                     _main:	
   276                           ;psect for function _main
   277                           
   278     0764                     l696:	
   279                           ;incstack = 0
   280                           ; Regs used in _main: [wreg+status,2+status,0+btemp+1+pclath+cstack]
   281                           
   282                           
   283                           ;newmain.c: 31:     uint8_t address = 0;
   284     0764  01F7               	clrf	main@address
   285     0765                     l698:
   286                           
   287                           ;newmain.c: 32:     TRISB = 0x0F;
   288     0765  300F               	movlw	15
   289     0766  1683               	bsf	3,5	;RP0=1, select bank1
   290     0767  1303               	bcf	3,6	;RP1=0, select bank1
   291     0768  0086               	movwf	6	;volatile
   292     0769                     l700:
   293                           
   294                           ;newmain.c: 33:     TRISD = 0x00;
   295     0769  0188               	clrf	8	;volatile
   296     076A                     l702:
   297                           
   298                           ;newmain.c: 34:     PORTD = 0x00;
   299     076A  1283               	bcf	3,5	;RP0=0, select bank0
   300     076B  1303               	bcf	3,6	;RP1=0, select bank0
   301     076C  0188               	clrf	8	;volatile
   302     076D                     l704:
   303                           
   304                           ;newmain.c: 36:         if(RB1){
   305     076D  1283               	bcf	3,5	;RP0=0, select bank0
   306     076E  1303               	bcf	3,6	;RP1=0, select bank0
   307     076F  1C86               	btfss	6,1	;volatile
   308     0770  2F72               	goto	u131
   309     0771  2F73               	goto	u130
   310     0772                     u131:
   311     0772  2F8C               	goto	l712
   312     0773                     u130:
   313     0773                     l706:
   314                           
   315                           ;newmain.c: 37:             EEPROM_Write(address++ , 3);
   316     0773  3003               	movlw	3
   317     0774  00F0               	movwf	EEPROM_Write@data
   318     0775  0877               	movf	main@address,w
   319     0776  120A  118A  273E  120A  118A  	fcall	_EEPROM_Write
   320     077B                     l708:
   321     077B  3001               	movlw	1
   322     077C  00FF               	movwf	btemp+1
   323     077D  087F               	movf	btemp+1,w
   324     077E  07F7               	addwf	main@address,f
   325     077F                     l710:
   326                           
   327                           ;newmain.c: 38:             _delay((unsigned long)((500)*(4000000/4000.0)));
   328     077F  3003               	movlw	3
   329     0780  00F5               	movwf	??_main+2
   330     0781  308A               	movlw	138
   331     0782  00F4               	movwf	??_main+1
   332     0783  3055               	movlw	85
   333     0784  00F3               	movwf	??_main
   334     0785                     u197:
   335     0785  0BF3               	decfsz	??_main,f
   336     0786  2F85               	goto	u197
   337     0787  0BF4               	decfsz	??_main+1,f
   338     0788  2F85               	goto	u197
   339     0789  0BF5               	decfsz	??_main+2,f
   340     078A  2F85               	goto	u197
   341     078B  2F8C               	nop2
   342     078C                     l712:
   343                           
   344                           ;newmain.c: 40:         if(RB2){
   345     078C  1283               	bcf	3,5	;RP0=0, select bank0
   346     078D  1303               	bcf	3,6	;RP1=0, select bank0
   347     078E  1D06               	btfss	6,2	;volatile
   348     078F  2F91               	goto	u141
   349     0790  2F92               	goto	u140
   350     0791                     u141:
   351     0791  2FAB               	goto	l720
   352     0792                     u140:
   353     0792                     l714:
   354                           
   355                           ;newmain.c: 41:             EEPROM_Write(address++ , 5);
   356     0792  3005               	movlw	5
   357     0793  00F0               	movwf	EEPROM_Write@data
   358     0794  0877               	movf	main@address,w
   359     0795  120A  118A  273E  120A  118A  	fcall	_EEPROM_Write
   360     079A                     l716:
   361     079A  3001               	movlw	1
   362     079B  00FF               	movwf	btemp+1
   363     079C  087F               	movf	btemp+1,w
   364     079D  07F7               	addwf	main@address,f
   365     079E                     l718:
   366                           
   367                           ;newmain.c: 42:             _delay((unsigned long)((500)*(4000000/4000.0)));
   368     079E  3003               	movlw	3
   369     079F  00F5               	movwf	??_main+2
   370     07A0  308A               	movlw	138
   371     07A1  00F4               	movwf	??_main+1
   372     07A2  3055               	movlw	85
   373     07A3  00F3               	movwf	??_main
   374     07A4                     u207:
   375     07A4  0BF3               	decfsz	??_main,f
   376     07A5  2FA4               	goto	u207
   377     07A6  0BF4               	decfsz	??_main+1,f
   378     07A7  2FA4               	goto	u207
   379     07A8  0BF5               	decfsz	??_main+2,f
   380     07A9  2FA4               	goto	u207
   381     07AA  2FAB               	nop2
   382     07AB                     l720:
   383                           
   384                           ;newmain.c: 44:         if(RB3){
   385     07AB  1283               	bcf	3,5	;RP0=0, select bank0
   386     07AC  1303               	bcf	3,6	;RP1=0, select bank0
   387     07AD  1D86               	btfss	6,3	;volatile
   388     07AE  2FB0               	goto	u151
   389     07AF  2FB1               	goto	u150
   390     07B0                     u151:
   391     07B0  2FCA               	goto	l728
   392     07B1                     u150:
   393     07B1                     l722:
   394                           
   395                           ;newmain.c: 45:             EEPROM_Write(address++ , 7);
   396     07B1  3007               	movlw	7
   397     07B2  00F0               	movwf	EEPROM_Write@data
   398     07B3  0877               	movf	main@address,w
   399     07B4  120A  118A  273E  120A  118A  	fcall	_EEPROM_Write
   400     07B9                     l724:
   401     07B9  3001               	movlw	1
   402     07BA  00FF               	movwf	btemp+1
   403     07BB  087F               	movf	btemp+1,w
   404     07BC  07F7               	addwf	main@address,f
   405     07BD                     l726:
   406                           
   407                           ;newmain.c: 46:             _delay((unsigned long)((500)*(4000000/4000.0)));
   408     07BD  3003               	movlw	3
   409     07BE  00F5               	movwf	??_main+2
   410     07BF  308A               	movlw	138
   411     07C0  00F4               	movwf	??_main+1
   412     07C1  3055               	movlw	85
   413     07C2  00F3               	movwf	??_main
   414     07C3                     u217:
   415     07C3  0BF3               	decfsz	??_main,f
   416     07C4  2FC3               	goto	u217
   417     07C5  0BF4               	decfsz	??_main+1,f
   418     07C6  2FC3               	goto	u217
   419     07C7  0BF5               	decfsz	??_main+2,f
   420     07C8  2FC3               	goto	u217
   421     07C9  2FCA               	nop2
   422     07CA                     l728:
   423                           
   424                           ;newmain.c: 48:         if(address == 3) address = 0;
   425     07CA  3003               	movlw	3
   426     07CB  0677               	xorwf	main@address,w
   427     07CC  1D03               	btfss	3,2
   428     07CD  2FCF               	goto	u161
   429     07CE  2FD0               	goto	u160
   430     07CF                     u161:
   431     07CF  2FD1               	goto	l732
   432     07D0                     u160:
   433     07D0                     l730:
   434     07D0  01F7               	clrf	main@address
   435     07D1                     l732:
   436                           
   437                           ;newmain.c: 49:         if(RB0){
   438     07D1  1283               	bcf	3,5	;RP0=0, select bank0
   439     07D2  1303               	bcf	3,6	;RP1=0, select bank0
   440     07D3  1C06               	btfss	6,0	;volatile
   441     07D4  2FD6               	goto	u171
   442     07D5  2FD7               	goto	u170
   443     07D6                     u171:
   444     07D6  2F6D               	goto	l704
   445     07D7                     u170:
   446     07D7                     l734:
   447                           
   448                           ;newmain.c: 50:             for(uint8_t i = 0; i < 3 ; i++){
   449     07D7  01F6               	clrf	main@i
   450     07D8                     l740:
   451                           
   452                           ;newmain.c: 51:                 PORTD = EEPROM_Read(i);
   453     07D8  0876               	movf	main@i,w
   454     07D9  120A  118A  272F  120A  118A  	fcall	_EEPROM_Read
   455     07DE  1283               	bcf	3,5	;RP0=0, select bank0
   456     07DF  1303               	bcf	3,6	;RP1=0, select bank0
   457     07E0  0088               	movwf	8	;volatile
   458     07E1                     l742:
   459                           
   460                           ;newmain.c: 52:                 _delay((unsigned long)((1000)*(4000000/4000.0)));
   461     07E1  3006               	movlw	6
   462     07E2  00F5               	movwf	??_main+2
   463     07E3  3013               	movlw	19
   464     07E4  00F4               	movwf	??_main+1
   465     07E5  30AD               	movlw	173
   466     07E6  00F3               	movwf	??_main
   467     07E7                     u227:
   468     07E7  0BF3               	decfsz	??_main,f
   469     07E8  2FE7               	goto	u227
   470     07E9  0BF4               	decfsz	??_main+1,f
   471     07EA  2FE7               	goto	u227
   472     07EB  0BF5               	decfsz	??_main+2,f
   473     07EC  2FE7               	goto	u227
   474     07ED  2FEE               	nop2
   475     07EE                     l744:
   476                           
   477                           ;newmain.c: 53:             }
   478     07EE  3001               	movlw	1
   479     07EF  00FF               	movwf	btemp+1
   480     07F0  087F               	movf	btemp+1,w
   481     07F1  07F6               	addwf	main@i,f
   482     07F2                     l746:
   483     07F2  3003               	movlw	3
   484     07F3  0276               	subwf	main@i,w
   485     07F4  1C03               	skipc
   486     07F5  2FF7               	goto	u181
   487     07F6  2FF8               	goto	u180
   488     07F7                     u181:
   489     07F7  2FD8               	goto	l740
   490     07F8                     u180:
   491     07F8  2F6D               	goto	l704
   492     07F9  120A  118A  2800   	ljmp	start
   493     07FC                     __end_of_main:
   494                           
   495                           	psect	text1
   496     073E                     __ptext1:	
   497 ;; *************** function _EEPROM_Write *****************
   498 ;; Defined at:
   499 ;;		line 7 in file "newmain.c"
   500 ;; Parameters:    Size  Location     Type
   501 ;;  address         1    wreg     unsigned char 
   502 ;;  data            1    0[COMMON] unsigned char 
   503 ;; Auto vars:     Size  Location     Type
   504 ;;  address         1    1[COMMON] unsigned char 
   505 ;;  GIE_STATE       1    2[COMMON] unsigned char 
   506 ;; Return value:  Size  Location     Type
   507 ;;                  1    wreg      void 
   508 ;; Registers used:
   509 ;;		wreg, status,2
   510 ;; Tracked objects:
   511 ;;		On entry : 0/0
   512 ;;		On exit  : 0/0
   513 ;;		Unchanged: 0/0
   514 ;; Data sizes:     COMMON   BANK0   BANK1   BANK3   BANK2
   515 ;;      Params:         1       0       0       0       0
   516 ;;      Locals:         2       0       0       0       0
   517 ;;      Temps:          0       0       0       0       0
   518 ;;      Totals:         3       0       0       0       0
   519 ;;Total ram usage:        3 bytes
   520 ;; Hardware stack levels used: 1
   521 ;; This function calls:
   522 ;;		Nothing
   523 ;; This function is called by:
   524 ;;		_main
   525 ;; This function uses a non-reentrant model
   526 ;;
   527                           
   528     073E                     _EEPROM_Write:	
   529                           ;psect for function _EEPROM_Write
   530                           
   531                           
   532                           ;incstack = 0
   533                           ; Regs used in _EEPROM_Write: [wreg+status,2]
   534                           ;EEPROM_Write@address stored from wreg
   535     073E  00F1               	movwf	EEPROM_Write@address
   536     073F                     l678:
   537                           
   538                           ;newmain.c: 8:     uint8_t GIE_STATE = GIE;
   539     073F  3000               	movlw	0
   540     0740  1B8B               	btfsc	11,7	;volatile
   541     0741  3001               	movlw	1
   542     0742  00F2               	movwf	EEPROM_Write@GIE_STATE
   543     0743                     l29:	
   544                           ;newmain.c: 9:     while(EECON1bits.WR);
   545                           
   546     0743  1683               	bsf	3,5	;RP0=1, select bank3
   547     0744  1703               	bsf	3,6	;RP1=1, select bank3
   548     0745  188C               	btfsc	12,1	;volsfr
   549     0746  2F48               	goto	u101
   550     0747  2F49               	goto	u100
   551     0748                     u101:
   552     0748  2F43               	goto	l29
   553     0749                     u100:
   554     0749                     l680:
   555                           
   556                           ;newmain.c: 10:     EEADR = address;
   557     0749  0871               	movf	EEPROM_Write@address,w
   558     074A  1283               	bcf	3,5	;RP0=0, select bank2
   559     074B  1703               	bsf	3,6	;RP1=1, select bank2
   560     074C  008D               	movwf	13	;volatile
   561                           
   562                           ;newmain.c: 11:     EEDATA = data;
   563     074D  0870               	movf	EEPROM_Write@data,w
   564     074E  008C               	movwf	12	;volatile
   565     074F                     l682:
   566                           
   567                           ;newmain.c: 12:     EECON1bits.EEPGD = 0;
   568     074F  1683               	bsf	3,5	;RP0=1, select bank3
   569     0750  1703               	bsf	3,6	;RP1=1, select bank3
   570     0751  138C               	bcf	12,7	;volsfr
   571     0752                     l684:
   572                           
   573                           ;newmain.c: 13:     EECON1bits.WREN = 1;
   574     0752  150C               	bsf	12,2	;volsfr
   575     0753                     l686:
   576                           
   577                           ;newmain.c: 14:     GIE = 0;
   578     0753  138B               	bcf	11,7	;volatile
   579                           
   580                           ;newmain.c: 15:     EECON2 = 0x55;
   581     0754  3055               	movlw	85
   582     0755  008D               	movwf	13	;volsfr
   583                           
   584                           ;newmain.c: 16:     EECON2 = 0xAA;
   585     0756  30AA               	movlw	170
   586     0757  008D               	movwf	13	;volsfr
   587     0758                     l688:
   588                           
   589                           ;newmain.c: 17:     EECON1bits.WR = 1;
   590     0758  148C               	bsf	12,1	;volsfr
   591     0759                     l690:
   592                           
   593                           ;newmain.c: 18:     GIE = GIE_STATE;
   594     0759  1872               	btfsc	EEPROM_Write@GIE_STATE,0
   595     075A  2F5C               	goto	u111
   596     075B  2F5E               	goto	u110
   597     075C                     u111:
   598     075C  178B               	bsf	11,7	;volatile
   599     075D  2F5F               	goto	u124
   600     075E                     u110:
   601     075E  138B               	bcf	11,7	;volatile
   602     075F                     u124:
   603     075F                     l692:
   604                           
   605                           ;newmain.c: 19:     EECON1bits.WREN = 0;
   606     075F  1683               	bsf	3,5	;RP0=1, select bank3
   607     0760  1703               	bsf	3,6	;RP1=1, select bank3
   608     0761  110C               	bcf	12,2	;volsfr
   609     0762                     l694:
   610                           
   611                           ;newmain.c: 20:     EECON1bits.WR = 0;
   612     0762  108C               	bcf	12,1	;volsfr
   613     0763                     l32:
   614     0763  0008               	return
   615     0764                     __end_of_EEPROM_Write:
   616                           
   617                           	psect	text2
   618     072F                     __ptext2:	
   619 ;; *************** function _EEPROM_Read *****************
   620 ;; Defined at:
   621 ;;		line 22 in file "newmain.c"
   622 ;; Parameters:    Size  Location     Type
   623 ;;  address         1    wreg     unsigned char 
   624 ;; Auto vars:     Size  Location     Type
   625 ;;  address         1    0[COMMON] unsigned char 
   626 ;;  data            1    1[COMMON] unsigned char 
   627 ;; Return value:  Size  Location     Type
   628 ;;                  1    wreg      unsigned char 
   629 ;; Registers used:
   630 ;;		wreg, status,2
   631 ;; Tracked objects:
   632 ;;		On entry : 0/0
   633 ;;		On exit  : 0/0
   634 ;;		Unchanged: 0/0
   635 ;; Data sizes:     COMMON   BANK0   BANK1   BANK3   BANK2
   636 ;;      Params:         0       0       0       0       0
   637 ;;      Locals:         2       0       0       0       0
   638 ;;      Temps:          0       0       0       0       0
   639 ;;      Totals:         2       0       0       0       0
   640 ;;Total ram usage:        2 bytes
   641 ;; Hardware stack levels used: 1
   642 ;; This function calls:
   643 ;;		Nothing
   644 ;; This function is called by:
   645 ;;		_main
   646 ;; This function uses a non-reentrant model
   647 ;;
   648                           
   649     072F                     _EEPROM_Read:	
   650                           ;psect for function _EEPROM_Read
   651                           
   652                           
   653                           ;incstack = 0
   654                           ; Regs used in _EEPROM_Read: [wreg+status,2]
   655                           ;EEPROM_Read@address stored from wreg
   656     072F  00F0               	movwf	EEPROM_Read@address
   657     0730                     l612:
   658     0730                     l614:
   659                           
   660                           ;newmain.c: 24:     EEADR = address;
   661     0730  0870               	movf	EEPROM_Read@address,w
   662     0731  1283               	bcf	3,5	;RP0=0, select bank2
   663     0732  1703               	bsf	3,6	;RP1=1, select bank2
   664     0733  008D               	movwf	13	;volatile
   665     0734                     l616:
   666                           
   667                           ;newmain.c: 25:     EECON1bits.EEPGD = 0;
   668     0734  1683               	bsf	3,5	;RP0=1, select bank3
   669     0735  1703               	bsf	3,6	;RP1=1, select bank3
   670     0736  138C               	bcf	12,7	;volsfr
   671     0737                     l618:
   672                           
   673                           ;newmain.c: 26:     EECON1bits.RD = 1;
   674     0737  140C               	bsf	12,0	;volsfr
   675     0738                     l620:
   676                           
   677                           ;newmain.c: 27:     data = EEDATA;
   678     0738  1283               	bcf	3,5	;RP0=0, select bank2
   679     0739  1703               	bsf	3,6	;RP1=1, select bank2
   680     073A  080C               	movf	12,w	;volatile
   681     073B  00F1               	movwf	EEPROM_Read@data
   682     073C                     l622:
   683                           
   684                           ;newmain.c: 28:     return data;
   685     073C  0871               	movf	EEPROM_Read@data,w
   686     073D                     l35:
   687     073D  0008               	return
   688     073E                     __end_of_EEPROM_Read:
   689     007E                     btemp	set	126	;btemp
   690     007E                     wtemp0	set	126
   691                           
   692                           	psect	config
   693                           
   694                           ;Config register CONFIG @ 0x2007
   695                           ;	Oscillator Selection bits
   696                           ;	FOSC = XT, XT oscillator
   697                           ;	Watchdog Timer Enable bit
   698                           ;	WDTE = OFF, WDT disabled
   699                           ;	Power-up Timer Enable bit
   700                           ;	PWRTE = ON, PWRT enabled
   701                           ;	Brown-out Reset Enable bit
   702                           ;	BOREN = ON, BOR enabled
   703                           ;	Low-Voltage (Single-Supply) In-Circuit Serial Programming Enable bit
   704                           ;	LVP = OFF, RB3 is digital I/O, HV on MCLR must be used for programming
   705                           ;	Data EEPROM Memory Code Protection bit
   706                           ;	CPD = OFF, Data EEPROM code protection off
   707                           ;	Flash Program Memory Write Enable bits
   708                           ;	WRT = OFF, Write protection off; all program memory may be written to by EECON control
   709                           ;	In-Circuit Debugger Mode bit
   710                           ;	DEBUG = 0x1, unprogrammed default
   711                           ;	Flash Program Memory Code Protection bit
   712                           ;	CP = OFF, Code protection off
   713     2007                     	org	8199
   714     2007  3F71               	dw	16241

Data Sizes:
    Strings     0
    Constant    0
    Data        0
    BSS         0
    Persistent  0
    Stack       0

Auto Spaces:
    Space          Size  Autos    Used
    COMMON           14      8       8
    BANK0            80      0       0
    BANK1            80      0       0
    BANK3            96      0       0
    BANK2            96      0       0

Pointer List with Targets:

    None.

Critical Paths under _main in COMMON

    _main->_EEPROM_Write

Critical Paths under _main in BANK0

    None.

Critical Paths under _main in BANK1

    None.

Critical Paths under _main in BANK3

    None.

Critical Paths under _main in BANK2

    None.

Call Graph Tables:

 ---------------------------------------------------------------------------------
 (Depth) Function   	        Calls       Base Space   Used Autos Params    Refs
 ---------------------------------------------------------------------------------
 (0) _main                                                 5     5      0     486
                                              3 COMMON     5     5      0
                        _EEPROM_Read
                       _EEPROM_Write
 ---------------------------------------------------------------------------------
 (1) _EEPROM_Write                                         3     2      1     295
                                              0 COMMON     3     2      1
 ---------------------------------------------------------------------------------
 (1) _EEPROM_Read                                          2     2      0      30
                                              0 COMMON     2     2      0
 ---------------------------------------------------------------------------------
 Estimated maximum stack depth 1
 ---------------------------------------------------------------------------------

 Call Graph Graphs:

 _main (ROOT)
   _EEPROM_Read
   _EEPROM_Write

 Address spaces:
Name               Size   Autos  Total    Cost      Usage
BITCOMMON            E      0       0       0        0.0%
EEDATA             100      0       0       0        0.0%
NULL                 0      0       0       0        0.0%
CODE                 0      0       0       0        0.0%
COMMON               E      8       8       1       57.1%
BITSFR0              0      0       0       1        0.0%
SFR0                 0      0       0       1        0.0%
BITSFR1              0      0       0       2        0.0%
SFR1                 0      0       0       2        0.0%
STACK                0      0       0       2        0.0%
ABS                  0      0       0       3        0.0%
BITBANK0            50      0       0       4        0.0%
BITSFR3              0      0       0       4        0.0%
SFR3                 0      0       0       4        0.0%
BANK0               50      0       0       5        0.0%
BITSFR2              0      0       0       5        0.0%
SFR2                 0      0       0       5        0.0%
BITBANK1            50      0       0       6        0.0%
BANK1               50      0       0       7        0.0%
BITBANK3            60      0       0       8        0.0%
BANK3               60      0       0       9        0.0%
BITBANK2            60      0       0      10        0.0%
BANK2               60      0       0      11        0.0%
DATA                 0      0       0      12        0.0%


Microchip Technology PIC Macro Assembler V2.45 build 20230818022343 
Symbol Table                                                                                   Tue Oct 31 19:29:01 2023

                     l32 0763                       l35 073D                       l29 0743  
                    l620 0738                      l612 0730                      l700 0769  
                    l622 073C                      l614 0730                      l710 077F  
                    l702 076A                      l616 0734                      l720 07AB  
                    l712 078C                      l704 076D                      l618 0737  
                    l730 07D0                      l722 07B1                      l714 0792  
                    l706 0773                      l740 07D8                      l732 07D1  
                    l724 07B9                      l716 079A                      l708 077B  
                    l742 07E1                      l734 07D7                      l726 07BD  
                    l718 079E                      l680 0749                      l744 07EE  
                    l728 07CA                      l690 0759                      l682 074F  
                    l746 07F2                      l692 075F                      l684 0752  
                    l694 0762                      l686 0753                      l678 073F  
                    l688 0758                      l696 0764                      l698 0765  
                    _GIE 005F                      _RB0 0030                      _RB1 0031  
                    _RB2 0032                      _RB3 0033                      u100 0749  
                    u101 0748                      u110 075E                      u111 075C  
                    u130 0773                      u131 0772                      u124 075F  
                    u140 0792                      u141 0791                      u150 07B1  
                    u151 07B0                      u207 07A4                      u160 07D0  
                    u161 07CF                      u217 07C3                      u170 07D7  
                    u227 07E7                      u171 07D6                      u180 07F8  
                    u181 07F7                      u197 0785              main@address 0077  
                   _main 0764                     btemp 007E                     start 0000  
   __end_of_EEPROM_Write 0764                    ?_main 0070                    _EEADR 010D  
                  _PORTD 0008                    _TRISB 0086                    _TRISD 0088  
                  main@i 0076                    status 0003                    wtemp0 007E  
       EEPROM_Write@data 0070          __initialization 07FC             __end_of_main 07FC  
                 ??_main 0073                   _EEDATA 010C                   _EECON2 018D  
__end_of__initialization 07FC           __pcstackCOMMON 0070             _EEPROM_Write 073E  
             __pmaintext 0764                  __ptext1 073E                  __ptext2 072F  
   end_of_initialization 07FC            ??_EEPROM_Read 0070      __end_of_EEPROM_Read 073E  
    start_initialization 07FC                ___latbits 0002              _EEPROM_Read 072F  
  EEPROM_Write@GIE_STATE 0072               _EECON1bits 018C            ?_EEPROM_Write 0070  
         ??_EEPROM_Write 0071             ?_EEPROM_Read 0070       EEPROM_Read@address 0070  
        EEPROM_Read@data 0071      EEPROM_Write@address 0071  
